[2024-05-07T16:30:01.676] [DEBUG] debug-file - env: nodejsVersion=v18.14.1
[2024-05-07T16:30:01.678] [DEBUG] debug-file - env: hvigor-config.json5 content = {
  hvigorVersion: '4.1.2',
  dependencies: {
    '@ohos/hvigor-ohos-plugin': '4.1.2',
    '@ohos/hvigor-ohos-arkui-x-plugin': '3.1.1'
  },
  execution: {},
  logging: {},
  debugging: {}
}
[2024-05-07T16:30:01.692] [DEBUG] debug-file - env: daemon=true
[2024-05-07T16:30:02.392] [DEBUG] debug-file - hvigor start cli arguments:{
  prop: [ 'product=default' ],
  sync: true,
  analyze: true,
  parallel: true,
  incremental: true,
  daemon: true,
  _: []
}
[2024-05-07T16:30:02.416] [DEBUG] debug-file - session manager: set active socket. socketId=VAYzm9FgL9ymBDZCAAAB
[2024-05-07T16:30:03.196] [DEBUG] debug-file - watch worker: worker id should be larger than 0. Nothing will be sent to any worker thread.
[2024-05-07T16:30:03.204] [DEBUG] debug-file - Hvigor init with startParameters:{
  hvigorfileTypeCheck: false,
  parallelExecution: true,
  incrementalExecution: true,
  printStackTrace: false,
  daemon: true,
  analyze: 0,
  logLevel: Level { level: 20000, levelStr: 'INFO', colour: 'green' }
}
[2024-05-07T16:30:03.211] [DEBUG] debug-file - Cache service initialization finished in 7 ms 
[2024-05-07T16:30:03.213] [DEBUG] debug-file - hvigorfile, resolving D:\code\ArkTS\WUT_Sport\SportApp\hvigorfile.ts
[2024-05-07T16:30:05.218] [DEBUG] debug-file - hvigorfile, require result:  {}
[2024-05-07T16:30:05.218] [DEBUG] debug-file - hvigorfile, binding system plugins {}
[2024-05-07T16:30:05.219] [DEBUG] debug-file - hvigor build process will be closed with an error.
[2024-05-07T16:30:05.219] [WARN] debug-file - ERROR: The ArkUI-X project's structure has been changed. Migrate and adapt the project as instructed in FAQs.
[2024-05-07T16:30:05.220] [DEBUG] debug-file - ERROR: stacktrace = Error: ERROR: The ArkUI-X project's structure has been changed. Migrate and adapt the project as instructed in FAQs.
    at OhosLogger.errorMessageExit (C:\Users\方楚喻\.hvigor\project_caches\aa1ac23d87929bced642c520daaa83b9\workspace\node_modules\.pnpm\@ohos+hvigor@4.1.2\node_modules\@ohos\hvigor\src\base\log\hvigor-log.js:1:2796)
    at OhosLogger._printErrorAndExit (C:\Users\方楚喻\.hvigor\project_caches\aa1ac23d87929bced642c520daaa83b9\workspace\node_modules\.pnpm\@ohos+hvigor-ohos-plugin@4.1.2_@ohos+hvigor@4.1.2\node_modules\@ohos\hvigor-ohos-plugin\src\utils\log\ohos-logger.js:1:1931)
    at PluginFactory.checkCrossplatformMarker (C:\Users\方楚喻\.hvigor\project_caches\aa1ac23d87929bced642c520daaa83b9\workspace\node_modules\.pnpm\@ohos+hvigor-ohos-arkui-x-plugin@3.1.1\node_modules\@ohos\hvigor-ohos-arkui-x-plugin\src\plugin\factory\plugin-factory.js:1:2424)
    at PluginFactory.getAppPlugin (C:\Users\方楚喻\.hvigor\project_caches\aa1ac23d87929bced642c520daaa83b9\workspace\node_modules\.pnpm\@ohos+hvigor-ohos-arkui-x-plugin@3.1.1\node_modules\@ohos\hvigor-ohos-arkui-x-plugin\src\plugin\factory\plugin-factory.js:1:988)
    at AppTasksForArkUIX (C:\Users\方楚喻\.hvigor\project_caches\aa1ac23d87929bced642c520daaa83b9\workspace\node_modules\.pnpm\@ohos+hvigor-ohos-arkui-x-plugin@3.1.1\node_modules\@ohos\hvigor-ohos-arkui-x-plugin\index.js:1:405)
    at bindSystemPlugins (C:\Users\方楚喻\.hvigor\project_caches\aa1ac23d87929bced642c520daaa83b9\workspace\node_modules\.pnpm\@ohos+hvigor@4.1.2\node_modules\@ohos\hvigor\src\base\internal\lifecycle\configuration.js:1:3046)
    at evaluateNodeVigorFile (C:\Users\方楚喻\.hvigor\project_caches\aa1ac23d87929bced642c520daaa83b9\workspace\node_modules\.pnpm\@ohos+hvigor@4.1.2\node_modules\@ohos\hvigor\src\base\internal\lifecycle\configuration.js:1:4704)
    at configuration (C:\Users\方楚喻\.hvigor\project_caches\aa1ac23d87929bced642c520daaa83b9\workspace\node_modules\.pnpm\@ohos+hvigor@4.1.2\node_modules\@ohos\hvigor\src\base\internal\lifecycle\configuration.js:1:1550)
    at start (C:\Users\方楚喻\.hvigor\project_caches\aa1ac23d87929bced642c520daaa83b9\workspace\node_modules\.pnpm\@ohos+hvigor@4.1.2\node_modules\@ohos\hvigor\src\base\boot\index.js:1:1840)
    at boot (C:\Users\方楚喻\.hvigor\project_caches\aa1ac23d87929bced642c520daaa83b9\workspace\node_modules\.pnpm\@ohos+hvigor@4.1.2\node_modules\@ohos\hvigor\src\base\boot\index.js:1:1415)
[2024-05-07T16:30:05.220] [ERROR] debug-file - Error: ERROR: The ArkUI-X project's structure has been changed. Migrate and adapt the project as instructed in FAQs.
    at OhosLogger.errorMessageExit (C:\Users\方楚喻\.hvigor\project_caches\aa1ac23d87929bced642c520daaa83b9\workspace\node_modules\.pnpm\@ohos+hvigor@4.1.2\node_modules\@ohos\hvigor\src\base\log\hvigor-log.js:1:2796)
    at OhosLogger._printErrorAndExit (C:\Users\方楚喻\.hvigor\project_caches\aa1ac23d87929bced642c520daaa83b9\workspace\node_modules\.pnpm\@ohos+hvigor-ohos-plugin@4.1.2_@ohos+hvigor@4.1.2\node_modules\@ohos\hvigor-ohos-plugin\src\utils\log\ohos-logger.js:1:1931)
    at PluginFactory.checkCrossplatformMarker (C:\Users\方楚喻\.hvigor\project_caches\aa1ac23d87929bced642c520daaa83b9\workspace\node_modules\.pnpm\@ohos+hvigor-ohos-arkui-x-plugin@3.1.1\node_modules\@ohos\hvigor-ohos-arkui-x-plugin\src\plugin\factory\plugin-factory.js:1:2424)
    at PluginFactory.getAppPlugin (C:\Users\方楚喻\.hvigor\project_caches\aa1ac23d87929bced642c520daaa83b9\workspace\node_modules\.pnpm\@ohos+hvigor-ohos-arkui-x-plugin@3.1.1\node_modules\@ohos\hvigor-ohos-arkui-x-plugin\src\plugin\factory\plugin-factory.js:1:988)
    at AppTasksForArkUIX (C:\Users\方楚喻\.hvigor\project_caches\aa1ac23d87929bced642c520daaa83b9\workspace\node_modules\.pnpm\@ohos+hvigor-ohos-arkui-x-plugin@3.1.1\node_modules\@ohos\hvigor-ohos-arkui-x-plugin\index.js:1:405)
    at bindSystemPlugins (C:\Users\方楚喻\.hvigor\project_caches\aa1ac23d87929bced642c520daaa83b9\workspace\node_modules\.pnpm\@ohos+hvigor@4.1.2\node_modules\@ohos\hvigor\src\base\internal\lifecycle\configuration.js:1:3046)
    at evaluateNodeVigorFile (C:\Users\方楚喻\.hvigor\project_caches\aa1ac23d87929bced642c520daaa83b9\workspace\node_modules\.pnpm\@ohos+hvigor@4.1.2\node_modules\@ohos\hvigor\src\base\internal\lifecycle\configuration.js:1:4704)
    at configuration (C:\Users\方楚喻\.hvigor\project_caches\aa1ac23d87929bced642c520daaa83b9\workspace\node_modules\.pnpm\@ohos+hvigor@4.1.2\node_modules\@ohos\hvigor\src\base\internal\lifecycle\configuration.js:1:1550)
    at start (C:\Users\方楚喻\.hvigor\project_caches\aa1ac23d87929bced642c520daaa83b9\workspace\node_modules\.pnpm\@ohos+hvigor@4.1.2\node_modules\@ohos\hvigor\src\base\boot\index.js:1:1840)
    at boot (C:\Users\方楚喻\.hvigor\project_caches\aa1ac23d87929bced642c520daaa83b9\workspace\node_modules\.pnpm\@ohos+hvigor@4.1.2\node_modules\@ohos\hvigor\src\base\boot\index.js:1:1415)
[2024-05-07T16:30:05.221] [WARN] debug-file - BUILD FAILED in 2 s 20 ms 
[2024-05-07T16:30:05.243] [DEBUG] debug-file - Since there is no instance or instance is terminated, create a new worker pool.
[2024-05-07T16:30:05.248] [DEBUG] debug-file - The build request was finished
[2024-05-07T16:30:05.243] [DEBUG] debug-file - Worker pool is initialized with config:  {
  minPoolNum: 2,
  maxPoolNum: undefined,
  maxCoreSize: undefined,
  cacheCapacity: undefined,
  cacheTtl: undefined
}
[2024-05-07T16:30:05.244] [DEBUG] debug-file - Create  resident worker with id: 0.
[2024-05-07T16:30:05.247] [DEBUG] debug-file - Create  resident worker with id: 1.
[2024-05-07T16:30:05.253] [DEBUG] debug-file - session manager: send message to worker process.
[2024-05-07T16:30:05.254] [DEBUG] debug-file - session manager: send message to worker process.
[2024-05-07T16:30:05.260] [DEBUG] debug-file - hvigor build process will be closed.
[2024-05-07T16:30:05.262] [DEBUG] debug-file - watch worker: worker id should be larger than 0. Nothing will be sent to any worker thread.
[2024-05-07T16:30:05.262] [DEBUG] debug-file - watch worker: worker id should be larger than 0. Nothing will be sent to any worker thread.
[2024-05-07T16:40:36.207] [DEBUG] debug-file - session manager: set active socket. socketId=dHh1n_KES1wMGAflAAAD
[2024-05-07T16:40:36.228] [DEBUG] debug-file - watch worker: worker id should be larger than 0. Nothing will be sent to any worker thread.
[2024-05-07T16:40:36.232] [DEBUG] debug-file - Hvigor init with startParameters:{
  hvigorfileTypeCheck: false,
  parallelExecution: true,
  incrementalExecution: true,
  printStackTrace: false,
  daemon: true,
  analyze: 0,
  logLevel: Level { level: 20000, levelStr: 'INFO', colour: 'green' }
}
[2024-05-07T16:40:36.239] [DEBUG] debug-file - Cache service initialization finished in 7 ms 
[2024-05-07T16:40:36.241] [DEBUG] debug-file - hvigorfile, resolving D:\code\ArkTS\WUT_Sport\SportApp\hvigorfile.ts
[2024-05-07T16:40:36.247] [DEBUG] debug-file - hvigorfile, require result:  {}
[2024-05-07T16:40:36.248] [DEBUG] debug-file - hvigorfile, binding system plugins {}
[2024-05-07T16:40:36.469] [DEBUG] debug-file - hvigorfile, resolve finished D:\code\ArkTS\WUT_Sport\SportApp\hvigorfile.ts
[2024-05-07T16:40:36.470] [DEBUG] debug-file - hvigorfile, resolving D:\code\ArkTS\WUT_Sport\SportApp\entry\hvigorfile.ts
[2024-05-07T16:40:36.477] [DEBUG] debug-file - hvigorfile, require result:  {}
[2024-05-07T16:40:36.477] [DEBUG] debug-file - hvigorfile, binding system plugins {}
[2024-05-07T16:40:36.486] [DEBUG] debug-file - Module entry Collected Dependency: 
[2024-05-07T16:40:36.486] [DEBUG] debug-file - Module entry's total dependency: 0
[2024-05-07T16:40:36.491] [DEBUG] debug-file - Start initialize module-target build option map, moduleName=entry, buildMode=debug
[2024-05-07T16:40:36.492] [DEBUG] debug-file - Target 'default' config: {}
[2024-05-07T16:40:36.493] [DEBUG] debug-file - Target 'ohosTest' config: {}
[2024-05-07T16:40:36.494] [DEBUG] debug-file - Module 'entry' target 'default' build option: {
  "debuggable": true,
  "copyFrom": "default",
  "arkOptions": {},
  "name": "debug"
}
[2024-05-07T16:40:36.494] [DEBUG] debug-file - Module 'entry' target 'ohosTest' build option: {
  "debuggable": true,
  "arkOptions": {},
  "name": "default"
}
[2024-05-07T16:40:36.494] [DEBUG] debug-file - End initialize module-target build option map, moduleName=entry
[2024-05-07T16:40:36.494] [DEBUG] debug-file - Module 'entry' target 'default' using build option: {
  "debuggable": true,
  "copyFrom": "default",
  "arkOptions": {},
  "name": "debug"
} in this build.
[2024-05-07T16:40:36.496] [DEBUG] debug-file - require SDK: toolchains,ArkTS; moduleName=entry
[2024-05-07T16:40:36.507] [DEBUG] debug-file - Module entry task initialization takes 10 ms 
[2024-05-07T16:40:36.508] [DEBUG] debug-file - hvigorfile, resolve finished D:\code\ArkTS\WUT_Sport\SportApp\entry\hvigorfile.ts
[2024-05-07T16:40:36.539] [DEBUG] debug-file - hvigorfile, resolve hvigorfile dependencies in 32 ms 
[2024-05-07T16:40:36.540] [DEBUG] debug-file - Start initialize project's product build option map with build mode debug.
[2024-05-07T16:40:36.540] [DEBUG] debug-file - Picking option from product 'default' with build mode 'debug'.
[2024-05-07T16:40:36.540] [DEBUG] debug-file - Product 'default' build option: {}
[2024-05-07T16:40:36.540] [DEBUG] debug-file - End initialize project's product build option map with build mode 'debug'.
[2024-05-07T16:40:36.541] [DEBUG] debug-file - Module SportApp Collected Dependency: 
[2024-05-07T16:40:36.541] [DEBUG] debug-file - Module SportApp's total dependency: 0
[2024-05-07T16:40:36.542] [DEBUG] debug-file - Product 'default' using build option: {
  "debuggable": true
} in this build.
[2024-05-07T16:40:36.552] [DEBUG] debug-file - Sdk init in 6 ms 
[2024-05-07T16:40:36.572] [DEBUG] debug-file - Project task initialization takes 20 ms 
[2024-05-07T16:40:36.575] [DEBUG] debug-file - Sdk init in 3 ms 
[2024-05-07T16:40:36.589] [DEBUG] debug-file - Sdk init in 5 ms 
[2024-05-07T16:40:36.592] [DEBUG] debug-file - Module entry Collected Dependency: 
[2024-05-07T16:40:36.593] [DEBUG] debug-file - Module entry's total dependency: 0
[2024-05-07T16:40:36.595] [DEBUG] debug-file - Module 'entry' target 'ohosTest' using build option: {
  "debuggable": true,
  "arkOptions": {},
  "name": "default"
} in this build.
[2024-05-07T16:40:36.596] [DEBUG] debug-file - require SDK: toolchains,ArkTS; moduleName=entry
[2024-05-07T16:40:36.597] [DEBUG] debug-file - Sdk init in 2 ms 
[2024-05-07T16:40:36.598] [DEBUG] debug-file - project has submodules:entry
[2024-05-07T16:40:36.600] [DEBUG] debug-file - Configuration phase cost:361 ms 
[2024-05-07T16:40:36.602] [DEBUG] debug-file - Configuration task cost before running: 372 ms 
[2024-05-07T16:40:36.602] [DEBUG] debug-file - entry : init start {
  rss: 178016256,
  heapTotal: 107610112,
  heapUsed: 88027000,
  external: 1050492,
  arrayBuffers: 103087
}
[2024-05-07T16:40:36.602] [DEBUG] debug-file - Executing task :entry:init
[2024-05-07T16:40:36.604] [DEBUG] debug-file - entry : init end {
  rss: 178016256,
  heapTotal: 107610112,
  heapUsed: 88114120,
  external: 1058724,
  arrayBuffers: 112220
}
[2024-05-07T16:40:36.604] [DEBUG] debug-file - runTaskFromQueue task cost before running: 374 ms 
[2024-05-07T16:40:36.605] [INFO] debug-file - Finished :entry:init... after 2 ms 
[2024-05-07T16:40:36.605] [DEBUG] debug-file - SportApp : CrossplatformInit start {
  rss: 178016256,
  heapTotal: 107610112,
  heapUsed: 88177128,
  external: 1058724,
  arrayBuffers: 114024
}
[2024-05-07T16:40:36.605] [DEBUG] debug-file - Executing task ::CrossplatformInit
[2024-05-07T16:40:36.605] [DEBUG] debug-file - SportApp : CrossplatformInit end {
  rss: 178020352,
  heapTotal: 107610112,
  heapUsed: 88218376,
  external: 1058724,
  arrayBuffers: 114989
}
[2024-05-07T16:40:36.605] [DEBUG] debug-file - runTaskFromQueue task cost before running: 375 ms 
[2024-05-07T16:40:36.605] [INFO] debug-file - Finished ::CrossplatformInit... after 1 ms 
[2024-05-07T16:40:36.606] [DEBUG] debug-file - SportApp : init start {
  rss: 178028544,
  heapTotal: 107610112,
  heapUsed: 88267592,
  external: 1058724,
  arrayBuffers: 116825
}
[2024-05-07T16:40:36.606] [DEBUG] debug-file - Executing task ::init
[2024-05-07T16:40:36.606] [DEBUG] debug-file - SportApp : init end {
  rss: 178028544,
  heapTotal: 107610112,
  heapUsed: 88293144,
  external: 1058724,
  arrayBuffers: 117764
}
[2024-05-07T16:40:36.606] [DEBUG] debug-file - runTaskFromQueue task cost before running: 376 ms 
[2024-05-07T16:40:36.606] [INFO] debug-file - Finished ::init... after 1 ms 
[2024-05-07T16:40:36.618] [DEBUG] debug-file - Module 'entry' target 'default' using build option: {
  "debuggable": true,
  "copyFrom": "default",
  "arkOptions": {},
  "name": "debug"
} in this build.
[2024-05-07T16:40:36.624] [DEBUG] debug-file - Module 'entry' target 'ohosTest' using build option: {
  "debuggable": true,
  "arkOptions": {},
  "name": "default"
} in this build.
[2024-05-07T16:40:36.629] [DEBUG] debug-file - hvigor build process will be closed.
[2024-05-07T16:40:36.636] [DEBUG] debug-file - session manager: send message to worker process.
[2024-05-07T16:40:36.637] [DEBUG] debug-file - session manager: send message to worker process.
[2024-05-07T16:40:36.636] [DEBUG] debug-file - watch worker: worker id should be larger than 0. Nothing will be sent to any worker thread.
[2024-05-07T16:40:36.637] [DEBUG] debug-file - watch worker: worker id should be larger than 0. Nothing will be sent to any worker thread.
[2024-05-07T16:42:17.902] [DEBUG] debug-file - session manager: set active socket. socketId=_MV6WCt0NytOttreAAAF
[2024-05-07T16:42:17.925] [DEBUG] debug-file - watch worker: worker id should be larger than 0. Nothing will be sent to any worker thread.
[2024-05-07T16:42:17.928] [DEBUG] debug-file - Hvigor init with startParameters:{
  hvigorfileTypeCheck: false,
  parallelExecution: true,
  incrementalExecution: true,
  printStackTrace: false,
  daemon: true,
  analyze: 0,
  logLevel: Level { level: 20000, levelStr: 'INFO', colour: 'green' }
}
[2024-05-07T16:42:17.931] [DEBUG] debug-file - Cache service initialization finished in 3 ms 
[2024-05-07T16:42:17.932] [DEBUG] debug-file - hvigorfile, resolving D:\code\ArkTS\WUT_Sport\SportApp\hvigorfile.ts
[2024-05-07T16:42:17.937] [DEBUG] debug-file - hvigorfile, require result:  {}
[2024-05-07T16:42:17.937] [DEBUG] debug-file - hvigorfile, binding system plugins {}
[2024-05-07T16:42:17.944] [DEBUG] debug-file - hvigorfile, resolve finished D:\code\ArkTS\WUT_Sport\SportApp\hvigorfile.ts
[2024-05-07T16:42:17.945] [DEBUG] debug-file - hvigorfile, resolving D:\code\ArkTS\WUT_Sport\SportApp\entry\hvigorfile.ts
[2024-05-07T16:42:17.949] [DEBUG] debug-file - hvigorfile, require result:  {}
[2024-05-07T16:42:17.949] [DEBUG] debug-file - hvigorfile, binding system plugins {}
[2024-05-07T16:42:17.954] [DEBUG] debug-file - Module entry Collected Dependency: 
[2024-05-07T16:42:17.954] [DEBUG] debug-file - Module entry's total dependency: 0
[2024-05-07T16:42:17.958] [DEBUG] debug-file - Start initialize module-target build option map, moduleName=entry, buildMode=debug
[2024-05-07T16:42:17.958] [DEBUG] debug-file - Target 'default' config: {}
[2024-05-07T16:42:17.959] [DEBUG] debug-file - Target 'ohosTest' config: {}
[2024-05-07T16:42:17.959] [DEBUG] debug-file - Module 'entry' target 'default' build option: {
  "debuggable": true,
  "copyFrom": "default",
  "arkOptions": {},
  "name": "debug"
}
[2024-05-07T16:42:17.959] [DEBUG] debug-file - Module 'entry' target 'ohosTest' build option: {
  "debuggable": true,
  "arkOptions": {},
  "name": "default"
}
[2024-05-07T16:42:17.959] [DEBUG] debug-file - End initialize module-target build option map, moduleName=entry
[2024-05-07T16:42:17.959] [DEBUG] debug-file - Module 'entry' target 'default' using build option: {
  "debuggable": true,
  "copyFrom": "default",
  "arkOptions": {},
  "name": "debug"
} in this build.
[2024-05-07T16:42:17.960] [DEBUG] debug-file - require SDK: toolchains,ArkTS; moduleName=entry
[2024-05-07T16:42:17.964] [DEBUG] debug-file - Module entry task initialization takes 3 ms 
[2024-05-07T16:42:17.964] [DEBUG] debug-file - hvigorfile, resolve finished D:\code\ArkTS\WUT_Sport\SportApp\entry\hvigorfile.ts
[2024-05-07T16:42:17.985] [DEBUG] debug-file - hvigorfile, resolve hvigorfile dependencies in 21 ms 
[2024-05-07T16:42:17.985] [DEBUG] debug-file - Start initialize project's product build option map with build mode debug.
[2024-05-07T16:42:17.985] [DEBUG] debug-file - Picking option from product 'default' with build mode 'debug'.
[2024-05-07T16:42:17.985] [DEBUG] debug-file - Product 'default' build option: {}
[2024-05-07T16:42:17.985] [DEBUG] debug-file - End initialize project's product build option map with build mode 'debug'.
[2024-05-07T16:42:17.986] [DEBUG] debug-file - Module SportApp Collected Dependency: 
[2024-05-07T16:42:17.986] [DEBUG] debug-file - Module SportApp's total dependency: 0
[2024-05-07T16:42:17.987] [DEBUG] debug-file - Product 'default' using build option: {
  "debuggable": true
} in this build.
[2024-05-07T16:42:17.992] [DEBUG] debug-file - Sdk init in 1 ms 
[2024-05-07T16:42:18.002] [DEBUG] debug-file - Project task initialization takes 11 ms 
[2024-05-07T16:42:18.004] [DEBUG] debug-file - Sdk init in 3 ms 
[2024-05-07T16:42:18.010] [DEBUG] debug-file - Sdk init in 3 ms 
[2024-05-07T16:42:18.013] [DEBUG] debug-file - Module entry Collected Dependency: 
[2024-05-07T16:42:18.013] [DEBUG] debug-file - Module entry's total dependency: 0
[2024-05-07T16:42:18.016] [DEBUG] debug-file - Module 'entry' target 'ohosTest' using build option: {
  "debuggable": true,
  "arkOptions": {},
  "name": "default"
} in this build.
[2024-05-07T16:42:18.016] [DEBUG] debug-file - require SDK: toolchains,ArkTS; moduleName=entry
[2024-05-07T16:42:18.018] [DEBUG] debug-file - Sdk init in 2 ms 
[2024-05-07T16:42:18.018] [DEBUG] debug-file - project has submodules:entry
[2024-05-07T16:42:18.019] [DEBUG] debug-file - Configuration phase cost:89 ms 
[2024-05-07T16:42:18.020] [DEBUG] debug-file - Configuration task cost before running: 94 ms 
[2024-05-07T16:42:18.022] [DEBUG] debug-file - jsonObjWithoutParam {} at undefined
[2024-05-07T16:42:18.022] [DEBUG] debug-file - jsonObjWithoutParam {"name":"entry","version":"1.0.0","description":"Please describe the basic information.","main":"","author":"","license":"","dependencies":{}} at undefined
[2024-05-07T16:42:18.026] [DEBUG] debug-file - entry : default@PreBuild start {
  rss: 163622912,
  heapTotal: 93192192,
  heapUsed: 86149072,
  external: 1051110,
  arrayBuffers: 104696
}
[2024-05-07T16:42:18.026] [DEBUG] debug-file - Executing task :entry:default@PreBuild
[2024-05-07T16:42:18.031] [DEBUG] debug-file - current product is not Atomic service.
[2024-05-07T16:42:18.156] [DEBUG] debug-file - Use tool [win32: JAVA_HOME, CLASSPATH]
 [
  {
    JAVA_HOME: 'D:\\Programing_Software\\DevEco Studio\\DevEco Studio\\DevEco Studio4.1\\DevEco Studio\\jbr'
  },
  { CLASSPATH: undefined }
]
[2024-05-07T16:42:18.157] [DEBUG] debug-file - Use tool [win32: NODE_HOME]
 [ { NODE_HOME: 'D:\\Programing_Software\\Harmony\\Node.js_18.14.1' } ]
[2024-05-07T16:42:18.158] [DEBUG] debug-file - entry : default@PreBuild end {
  rss: 172797952,
  heapTotal: 110313472,
  heapUsed: 96042760,
  external: 1059302,
  arrayBuffers: 115355
}
[2024-05-07T16:42:18.158] [DEBUG] debug-file - runTaskFromQueue task cost before running: 232 ms 
[2024-05-07T16:42:18.160] [INFO] debug-file - Finished :entry:default@PreBuild... after 133 ms 
[2024-05-07T16:42:18.161] [DEBUG] debug-file - jsonObjWithoutParam {} at undefined
[2024-05-07T16:42:18.161] [DEBUG] debug-file - jsonObjWithoutParam {"name":"entry","version":"1.0.0","description":"Please describe the basic information.","main":"","author":"","license":"","dependencies":{}} at undefined
[2024-05-07T16:42:18.161] [DEBUG] debug-file - entry : default@PreCheckSyscap start {
  rss: 173084672,
  heapTotal: 110313472,
  heapUsed: 96475312,
  external: 1059302,
  arrayBuffers: 118233
}
[2024-05-07T16:42:18.161] [DEBUG] debug-file - Executing task :entry:default@PreCheckSyscap
[2024-05-07T16:42:18.163] [DEBUG] debug-file - entry : default@PreCheckSyscap end {
  rss: 173150208,
  heapTotal: 110313472,
  heapUsed: 96532208,
  external: 1059302,
  arrayBuffers: 119210
}
[2024-05-07T16:42:18.163] [DEBUG] debug-file - runTaskFromQueue task cost before running: 237 ms 
[2024-05-07T16:42:18.163] [INFO] debug-file - Finished :entry:default@PreCheckSyscap... after 2 ms 
[2024-05-07T16:42:18.164] [DEBUG] debug-file - jsonObjWithoutParam {} at undefined
[2024-05-07T16:42:18.164] [DEBUG] debug-file - jsonObjWithoutParam {"name":"entry","version":"1.0.0","description":"Please describe the basic information.","main":"","author":"","license":"","dependencies":{}} at undefined
[2024-05-07T16:42:18.165] [DEBUG] debug-file - entry : default@CreateBuildProfile start {
  rss: 173395968,
  heapTotal: 110313472,
  heapUsed: 96775152,
  external: 1059302,
  arrayBuffers: 122102
}
[2024-05-07T16:42:18.165] [DEBUG] debug-file - Executing task :entry:default@CreateBuildProfile
[2024-05-07T16:42:18.170] [DEBUG] debug-file - entry : default@CreateBuildProfile end {
  rss: 173502464,
  heapTotal: 110313472,
  heapUsed: 96875704,
  external: 1067494,
  arrayBuffers: 131279
}
[2024-05-07T16:42:18.170] [DEBUG] debug-file - runTaskFromQueue task cost before running: 244 ms 
[2024-05-07T16:42:18.172] [INFO] debug-file - Finished :entry:default@CreateBuildProfile... after 6 ms 
[2024-05-07T16:42:18.174] [DEBUG] debug-file - jsonObjWithoutParam {} at undefined
[2024-05-07T16:42:18.175] [DEBUG] debug-file - jsonObjWithoutParam {"name":"entry","version":"1.0.0","description":"Please describe the basic information.","main":"","author":"","license":"","dependencies":{}} at undefined
[2024-05-07T16:42:18.179] [DEBUG] debug-file - entry : default@GenerateLoaderJson start {
  rss: 173973504,
  heapTotal: 110313472,
  heapUsed: 97340144,
  external: 1067494,
  arrayBuffers: 134183
}
[2024-05-07T16:42:18.180] [DEBUG] debug-file - Executing task :entry:default@GenerateLoaderJson
[2024-05-07T16:42:18.189] [DEBUG] debug-file - entry : default@GenerateLoaderJson end {
  rss: 174981120,
  heapTotal: 110313472,
  heapUsed: 97722048,
  external: 1075697,
  arrayBuffers: 143371
}
[2024-05-07T16:42:18.190] [DEBUG] debug-file - runTaskFromQueue task cost before running: 263 ms 
[2024-05-07T16:42:18.192] [INFO] debug-file - Finished :entry:default@GenerateLoaderJson... after 10 ms 
[2024-05-07T16:42:18.194] [DEBUG] debug-file - jsonObjWithoutParam {} at undefined
[2024-05-07T16:42:18.194] [DEBUG] debug-file - jsonObjWithoutParam {"name":"entry","version":"1.0.0","description":"Please describe the basic information.","main":"","author":"","license":"","dependencies":{}} at undefined
[2024-05-07T16:42:18.196] [DEBUG] debug-file - entry : default@MergeProfile start {
  rss: 175775744,
  heapTotal: 110313472,
  heapUsed: 98047648,
  external: 1075697,
  arrayBuffers: 146277
}
[2024-05-07T16:42:18.197] [DEBUG] debug-file - Executing task :entry:default@MergeProfile
[2024-05-07T16:42:18.197] [DEBUG] debug-file - Change app api release type with 'Release'
[2024-05-07T16:42:18.198] [DEBUG] debug-file - Change app compile API version with '4.0.10.13'
[2024-05-07T16:42:18.198] [DEBUG] debug-file - Change app target API version with '10'
[2024-05-07T16:42:18.198] [DEBUG] debug-file - Change app minimum API version with '10'
[2024-05-07T16:42:18.200] [DEBUG] debug-file - entry : default@MergeProfile end {
  rss: 176312320,
  heapTotal: 110313472,
  heapUsed: 98171008,
  external: 1075697,
  arrayBuffers: 148910
}
[2024-05-07T16:42:18.200] [DEBUG] debug-file - runTaskFromQueue task cost before running: 274 ms 
[2024-05-07T16:42:18.200] [INFO] debug-file - Finished :entry:default@MergeProfile... after 4 ms 
[2024-05-07T16:42:18.202] [DEBUG] debug-file - jsonObjWithoutParam {} at undefined
[2024-05-07T16:42:18.202] [DEBUG] debug-file - jsonObjWithoutParam {"name":"entry","version":"1.0.0","description":"Please describe the basic information.","main":"","author":"","license":"","dependencies":{}} at undefined
[2024-05-07T16:42:18.206] [DEBUG] debug-file - entry : default@ProcessProfile start {
  rss: 176726016,
  heapTotal: 110313472,
  heapUsed: 98438064,
  external: 1083889,
  arrayBuffers: 159988
}
[2024-05-07T16:42:18.206] [DEBUG] debug-file - Executing task :entry:default@ProcessProfile
[2024-05-07T16:42:18.214] [DEBUG] debug-file - [
  'D:\\Programing_Software\\Harmony\\Node.js_18.14.1\\node.exe',
  'D:\\Programing_Software\\Harmony\\OpenSdk\\10\\ets\\build-tools\\ets-loader\\bin\\ark\\ts2abc.js',
  '--target-api-version',
  '10'
]
[2024-05-07T16:42:18.396] [DEBUG] debug-file - 9.0.0.0
[2024-05-07T16:42:18.397] [DEBUG] debug-file - entry : default@ProcessProfile end {
  rss: 178290688,
  heapTotal: 111099904,
  heapUsed: 93986280,
  external: 1051131,
  arrayBuffers: 129210
}
[2024-05-07T16:42:18.397] [DEBUG] debug-file - runTaskFromQueue task cost before running: 471 ms 
[2024-05-07T16:42:18.398] [INFO] debug-file - Finished :entry:default@ProcessProfile... after 192 ms 
[2024-05-07T16:42:18.399] [DEBUG] debug-file - jsonObjWithoutParam {} at undefined
[2024-05-07T16:42:18.399] [DEBUG] debug-file - jsonObjWithoutParam {"name":"entry","version":"1.0.0","description":"Please describe the basic information.","main":"","author":"","license":"","dependencies":{}} at undefined
[2024-05-07T16:42:18.401] [DEBUG] debug-file - restool module names: entry; moduleName=entry, taskName=default@PreviewProcessResource
[2024-05-07T16:42:18.402] [DEBUG] debug-file - entry : default@PreviewProcessResource start {
  rss: 178331648,
  heapTotal: 111362048,
  heapUsed: 94565008,
  external: 1059323,
  arrayBuffers: 140757
}
[2024-05-07T16:42:18.406] [DEBUG] debug-file - Executing task :entry:default@PreviewProcessResource
[2024-05-07T16:42:18.406] [DEBUG] debug-file - entry : default@PreviewProcessResource end {
  rss: 178937856,
  heapTotal: 111362048,
  heapUsed: 94691928,
  external: 1059323,
  arrayBuffers: 141750
}
[2024-05-07T16:42:18.408] [DEBUG] debug-file - runTaskFromQueue task cost before running: 482 ms 
[2024-05-07T16:42:18.411] [INFO] debug-file - Finished :entry:default@PreviewProcessResource... after 4 ms 
[2024-05-07T16:42:18.412] [DEBUG] debug-file - jsonObjWithoutParam {} at undefined
[2024-05-07T16:42:18.413] [DEBUG] debug-file - jsonObjWithoutParam {"name":"entry","version":"1.0.0","description":"Please describe the basic information.","main":"","author":"","license":"","dependencies":{}} at undefined
[2024-05-07T16:42:18.415] [DEBUG] debug-file - restool module names: entry; moduleName=entry, taskName=default@PreviewCompileResource
[2024-05-07T16:42:18.416] [DEBUG] debug-file - entry : default@PreviewCompileResource start {
  rss: 178135040,
  heapTotal: 111362048,
  heapUsed: 95223488,
  external: 1075707,
  arrayBuffers: 161509
}
[2024-05-07T16:42:18.416] [DEBUG] debug-file - Executing task :entry:default@PreviewCompileResource
[2024-05-07T16:42:18.449] [DEBUG] debug-file - Use tool [D:\Programing_Software\Harmony\OpenSdk\10\toolchains\restool.exe]
 [
  'D:\\Programing_Software\\Harmony\\OpenSdk\\10\\toolchains\\restool.exe',
  '-x',
  'D:\\code\\ArkTS\\WUT_Sport\\SportApp\\AppScope\\resources',
  '-o',
  'D:\\code\\ArkTS\\WUT_Sport\\SportApp\\entry\\.preview\\default\\intermediates\\res\\default\\app_compiled'
]
[2024-05-07T16:42:18.450] [DEBUG] debug-file - current process  memoryUsage: {
  rss: 178077696,
  heapTotal: 111886336,
  heapUsed: 80789592,
  external: 1018723,
  arrayBuffers: 53201
} os memoryUsage :11.966144561767578
[2024-05-07T16:42:18.504] [DEBUG] debug-file - Info: restool resources compile success.

[2024-05-07T16:42:18.508] [DEBUG] debug-file - Use tool [D:\Programing_Software\Harmony\OpenSdk\10\toolchains\restool.exe]
 [
  'D:\\Programing_Software\\Harmony\\OpenSdk\\10\\toolchains\\restool.exe',
  '-x',
  'D:\\code\\ArkTS\\WUT_Sport\\SportApp\\entry\\src\\main\\resources',
  '-o',
  'D:\\code\\ArkTS\\WUT_Sport\\SportApp\\entry\\.preview\\default\\intermediates\\res\\default\\module_compiled'
]
[2024-05-07T16:42:18.509] [DEBUG] debug-file - current process  memoryUsage: {
  rss: 177545216,
  heapTotal: 112148480,
  heapUsed: 81262488,
  external: 1018849,
  arrayBuffers: 53342
} os memoryUsage :11.973697662353516
[2024-05-07T16:42:18.577] [DEBUG] debug-file - Info: restool resources compile success.

[2024-05-07T16:42:18.582] [DEBUG] debug-file - Use tool [D:\Programing_Software\Harmony\OpenSdk\10\toolchains\restool.exe]
 [
  'D:\\Programing_Software\\Harmony\\OpenSdk\\10\\toolchains\\restool.exe',
  '-m',
  'entry',
  '-f',
  '-j',
  'D:\\code\\ArkTS\\WUT_Sport\\SportApp\\entry\\.preview\\default\\intermediates\\process_profile\\default\\module.json',
  '-p',
  'com.example.wutsport',
  '-r',
  'D:\\code\\ArkTS\\WUT_Sport\\SportApp\\entry\\.preview\\default\\generated\\r\\default\\ResourceTable.h',
  '-z',
  '--ids',
  'D:\\code\\ArkTS\\WUT_Sport\\SportApp\\entry\\.preview\\default\\intermediates\\res\\default\\ids_map',
  '--defined-ids',
  'D:\\code\\ArkTS\\WUT_Sport\\SportApp\\entry\\.preview\\default\\intermediates\\res\\default\\ids_map\\id_defined.json',
  '-i',
  'D:\\code\\ArkTS\\WUT_Sport\\SportApp\\entry\\.preview\\default\\intermediates\\res\\default\\app_compiled',
  '-i',
  'D:\\code\\ArkTS\\WUT_Sport\\SportApp\\entry\\.preview\\default\\intermediates\\res\\default\\module_compiled',
  '-o',
  'D:\\code\\ArkTS\\WUT_Sport\\SportApp\\entry\\.preview\\default\\intermediates\\res\\default'
]
[2024-05-07T16:42:18.582] [DEBUG] debug-file - current process  memoryUsage: {
  rss: 177590272,
  heapTotal: 112148480,
  heapUsed: 81510632,
  external: 1018975,
  arrayBuffers: 54392
} os memoryUsage :11.974693298339844
[2024-05-07T16:42:18.746] [DEBUG] debug-file - Info: restool resources compile success.

[2024-05-07T16:42:18.752] [DEBUG] debug-file - entry : default@PreviewCompileResource end {
  rss: 177614848,
  heapTotal: 112148480,
  heapUsed: 81657624,
  external: 1019101,
  arrayBuffers: 52759
}
[2024-05-07T16:42:18.752] [DEBUG] debug-file - runTaskFromQueue task cost before running: 826 ms 
[2024-05-07T16:42:18.754] [INFO] debug-file - Finished :entry:default@PreviewCompileResource... after 336 ms 
[2024-05-07T16:42:18.755] [DEBUG] debug-file - jsonObjWithoutParam {} at undefined
[2024-05-07T16:42:18.755] [DEBUG] debug-file - jsonObjWithoutParam {"name":"entry","version":"1.0.0","description":"Please describe the basic information.","main":"","author":"","license":"","dependencies":{}} at undefined
[2024-05-07T16:42:18.755] [DEBUG] debug-file - entry : default@PreviewHookCompileResource start {
  rss: 177643520,
  heapTotal: 112148480,
  heapUsed: 81877336,
  external: 1019101,
  arrayBuffers: 55678
}
[2024-05-07T16:42:18.755] [DEBUG] debug-file - Executing task :entry:default@PreviewHookCompileResource
[2024-05-07T16:42:18.756] [DEBUG] debug-file - entry : default@PreviewHookCompileResource end {
  rss: 177651712,
  heapTotal: 112148480,
  heapUsed: 81904384,
  external: 1019101,
  arrayBuffers: 56678
}
[2024-05-07T16:42:18.756] [DEBUG] debug-file - runTaskFromQueue task cost before running: 830 ms 
[2024-05-07T16:42:18.756] [INFO] debug-file - Finished :entry:default@PreviewHookCompileResource... after 1 ms 
[2024-05-07T16:42:18.757] [DEBUG] debug-file - jsonObjWithoutParam {} at undefined
[2024-05-07T16:42:18.757] [DEBUG] debug-file - jsonObjWithoutParam {"name":"entry","version":"1.0.0","description":"Please describe the basic information.","main":"","author":"","license":"","dependencies":{}} at undefined
[2024-05-07T16:42:18.758] [DEBUG] debug-file - entry : default@CopyPreviewProfile start {
  rss: 177651712,
  heapTotal: 112148480,
  heapUsed: 82116872,
  external: 1019101,
  arrayBuffers: 59605
}
[2024-05-07T16:42:18.758] [DEBUG] debug-file - Executing task :entry:default@CopyPreviewProfile
[2024-05-07T16:42:18.765] [DEBUG] debug-file - entry : default@CopyPreviewProfile end {
  rss: 177827840,
  heapTotal: 112148480,
  heapUsed: 82385784,
  external: 1019101,
  arrayBuffers: 60589
}
[2024-05-07T16:42:18.765] [DEBUG] debug-file - runTaskFromQueue task cost before running: 839 ms 
[2024-05-07T16:42:18.766] [INFO] debug-file - Finished :entry:default@CopyPreviewProfile... after 8 ms 
[2024-05-07T16:42:18.767] [DEBUG] debug-file - jsonObjWithoutParam {} at undefined
[2024-05-07T16:42:18.767] [DEBUG] debug-file - jsonObjWithoutParam {"name":"entry","version":"1.0.0","description":"Please describe the basic information.","main":"","author":"","license":"","dependencies":{}} at undefined
[2024-05-07T16:42:18.767] [DEBUG] debug-file - entry : default@ReplacePreviewerPage start {
  rss: 177840128,
  heapTotal: 112148480,
  heapUsed: 82629920,
  external: 1019101,
  arrayBuffers: 63492
}
[2024-05-07T16:42:18.767] [DEBUG] debug-file - Executing task :entry:default@ReplacePreviewerPage
[2024-05-07T16:42:18.775] [DEBUG] debug-file - Resolved file D:\code\ArkTS\WUT_Sport\SportApp\entry\.preview\default\intermediates\res\default\resources\base\profile\main_pages.json.
[2024-05-07T16:42:18.775] [DEBUG] debug-file - Replace page to bottomChooser
[2024-05-07T16:42:18.776] [DEBUG] debug-file - entry : default@ReplacePreviewerPage end {
  rss: 177840128,
  heapTotal: 112148480,
  heapUsed: 82855000,
  external: 1027293,
  arrayBuffers: 73624
}
[2024-05-07T16:42:18.776] [DEBUG] debug-file - runTaskFromQueue task cost before running: 850 ms 
[2024-05-07T16:42:18.776] [INFO] debug-file - Finished :entry:default@ReplacePreviewerPage... after 9 ms 
[2024-05-07T16:42:18.777] [DEBUG] debug-file - entry : buildPreviewerResource start {
  rss: 177840128,
  heapTotal: 112148480,
  heapUsed: 83008880,
  external: 1027293,
  arrayBuffers: 75499
}
[2024-05-07T16:42:18.777] [DEBUG] debug-file - Executing task :entry:buildPreviewerResource
[2024-05-07T16:42:18.777] [DEBUG] debug-file - entry : buildPreviewerResource end {
  rss: 177844224,
  heapTotal: 112148480,
  heapUsed: 83034280,
  external: 1027293,
  arrayBuffers: 76475
}
[2024-05-07T16:42:18.777] [DEBUG] debug-file - runTaskFromQueue task cost before running: 851 ms 
[2024-05-07T16:42:18.777] [INFO] debug-file - Finished :entry:buildPreviewerResource... after 1 ms 
[2024-05-07T16:42:18.778] [DEBUG] debug-file - jsonObjWithoutParam {} at undefined
[2024-05-07T16:42:18.778] [DEBUG] debug-file - jsonObjWithoutParam {"name":"entry","version":"1.0.0","description":"Please describe the basic information.","main":"","author":"","license":"","dependencies":{}} at undefined
[2024-05-07T16:42:18.778] [DEBUG] debug-file - entry : default@PreviewUpdateAssets start {
  rss: 177844224,
  heapTotal: 112148480,
  heapUsed: 83272488,
  external: 1027293,
  arrayBuffers: 79366
}
[2024-05-07T16:42:18.778] [DEBUG] debug-file - Executing task :entry:default@PreviewUpdateAssets
[2024-05-07T16:42:18.787] [DEBUG] debug-file - entry : default@PreviewUpdateAssets end {
  rss: 177852416,
  heapTotal: 112148480,
  heapUsed: 83415408,
  external: 1035485,
  arrayBuffers: 88544
}
[2024-05-07T16:42:18.787] [DEBUG] debug-file - runTaskFromQueue task cost before running: 861 ms 
[2024-05-07T16:42:18.788] [INFO] debug-file - Finished :entry:default@PreviewUpdateAssets... after 10 ms 
[2024-05-07T16:42:18.790] [DEBUG] debug-file - jsonObjWithoutParam {} at undefined
[2024-05-07T16:42:18.790] [DEBUG] debug-file - jsonObjWithoutParam {"name":"entry","version":"1.0.0","description":"Please describe the basic information.","main":"","author":"","license":"","dependencies":{}} at undefined
[2024-05-07T16:42:18.794] [DEBUG] debug-file - entry : default@PreviewArkTS start {
  rss: 178098176,
  heapTotal: 112148480,
  heapUsed: 83905480,
  external: 1051869,
  arrayBuffers: 107836
}
[2024-05-07T16:42:18.795] [DEBUG] debug-file - Executing task :entry:default@PreviewArkTS
[2024-05-07T16:42:18.798] [DEBUG] debug-file - Obfuscation config only effect in release mode.
[2024-05-07T16:42:18.806] [DEBUG] debug-file - Sdk init in 3 ms 
[2024-05-07T16:42:18.816] [DEBUG] debug-file - session manager: binding session. socketId=_MV6WCt0NytOttreAAAF, threadId=1@1.
[2024-05-07T16:42:18.815] [DEBUG] debug-file - entry : default@PreviewArkTS end {
  rss: 178188288,
  heapTotal: 112148480,
  heapUsed: 85009312,
  external: 1068253,
  arrayBuffers: 126042
}
[2024-05-07T16:42:35.165] [DEBUG] debug-file - watch worker: send response to session manager. Response type: WatchStart
[2024-05-07T16:42:35.169] [DEBUG] debug-file - session manager: watch message received from worker 1. Type: WatchStart
[2024-05-07T16:42:40.347] [DEBUG] debug-file - watch worker: send response to session manager. Response type: WatchResult
[2024-05-07T16:42:40.349] [DEBUG] debug-file - session manager: watch message received from worker 1. Type: WatchResult
[2024-05-07T16:42:40.349] [DEBUG] debug-file - Ark compile finished.
[2024-05-07T16:42:40.353] [INFO] debug-file - Finished :entry:default@PreviewArkTS... after 21 ms 
[2024-05-07T16:42:40.353] [DEBUG] debug-file - entry : PreviewBuild start {
  rss: 501293056,
  heapTotal: 86196224,
  heapUsed: 80994384,
  external: 1009337,
  arrayBuffers: 43870
}
[2024-05-07T16:42:40.353] [DEBUG] debug-file - Executing task :entry:PreviewBuild
[2024-05-07T16:42:40.353] [DEBUG] debug-file - entry : PreviewBuild end {
  rss: 501317632,
  heapTotal: 86196224,
  heapUsed: 81019176,
  external: 1009337,
  arrayBuffers: 44825
}
[2024-05-07T16:42:40.353] [DEBUG] debug-file - runTaskFromQueue task cost before running: 22 s 427 ms 
[2024-05-07T16:42:40.353] [INFO] debug-file - Finished :entry:PreviewBuild... after 1 ms 
[2024-05-07T16:42:40.354] [DEBUG] debug-file - BUILD SUCCESSFUL in 22 s 427 ms 
[2024-05-07T16:42:40.355] [DEBUG] debug-file - Update task entry:default@PreBuild input file:D:\code\ArkTS\WUT_Sport\SportApp\AppScope\app.json5 cache by regenerate.
[2024-05-07T16:42:40.356] [DEBUG] debug-file - Update task entry:default@PreBuild input file:D:\code\ArkTS\WUT_Sport\SportApp\entry\src\main\module.json5 cache by regenerate.
[2024-05-07T16:42:40.356] [DEBUG] debug-file - Update task entry:default@PreBuild input file:D:\code\ArkTS\WUT_Sport\SportApp\build-profile.json5 cache by regenerate.
[2024-05-07T16:42:40.356] [DEBUG] debug-file - Update task entry:default@PreBuild input file:D:\code\ArkTS\WUT_Sport\SportApp\entry\build-profile.json5 cache by regenerate.
[2024-05-07T16:42:40.357] [DEBUG] debug-file - Update task entry:default@PreBuild input file:D:\code\ArkTS\WUT_Sport\SportApp\entry\src\main\resources\base\profile\main_pages.json cache by regenerate.
[2024-05-07T16:42:40.357] [DEBUG] debug-file - Update task entry:default@PreBuild input file:D:\code\ArkTS\WUT_Sport\SportApp\entry\oh-package.json5 cache by regenerate.
[2024-05-07T16:42:40.357] [DEBUG] debug-file - Incremental task entry:default@PreBuild post-execution cost:4 ms .
[2024-05-07T16:42:40.358] [DEBUG] debug-file - Update task entry:default@CreateBuildProfile input file:D:\code\ArkTS\WUT_Sport\SportApp\AppScope\app.json5 cache by regenerate.
[2024-05-07T16:42:40.358] [DEBUG] debug-file - Update task entry:default@CreateBuildProfile input file:D:\code\ArkTS\WUT_Sport\SportApp\build-profile.json5 cache by regenerate.
[2024-05-07T16:42:40.359] [DEBUG] debug-file - Update task entry:default@CreateBuildProfile output file:D:\code\ArkTS\WUT_Sport\SportApp\entry\.preview\default\generated\profile\default\BuildProfile.ets cache.
[2024-05-07T16:42:40.359] [DEBUG] debug-file - Incremental task entry:default@CreateBuildProfile post-execution cost:2 ms .
[2024-05-07T16:42:40.360] [DEBUG] debug-file - Update task entry:default@GenerateLoaderJson output file:D:\code\ArkTS\WUT_Sport\SportApp\entry\.preview\default\intermediates\loader\default\loader.json cache.
[2024-05-07T16:42:40.360] [DEBUG] debug-file - Incremental task entry:default@GenerateLoaderJson post-execution cost:1 ms .
[2024-05-07T16:42:40.360] [DEBUG] debug-file - Update task entry:default@MergeProfile input file:D:\code\ArkTS\WUT_Sport\SportApp\AppScope\app.json5 cache by regenerate.
[2024-05-07T16:42:40.360] [DEBUG] debug-file - Update task entry:default@MergeProfile input file:D:\code\ArkTS\WUT_Sport\SportApp\build-profile.json5 cache by regenerate.
[2024-05-07T16:42:40.361] [DEBUG] debug-file - Update task entry:default@MergeProfile input file:D:\code\ArkTS\WUT_Sport\SportApp\entry\src\main\module.json5 cache by regenerate.
[2024-05-07T16:42:40.361] [DEBUG] debug-file - Update task entry:default@MergeProfile output file:D:\code\ArkTS\WUT_Sport\SportApp\entry\.preview\default\intermediates\merge_profile\default\module.json cache.
[2024-05-07T16:42:40.362] [DEBUG] debug-file - Incremental task entry:default@MergeProfile post-execution cost:2 ms .
[2024-05-07T16:42:40.362] [DEBUG] debug-file - Update task entry:default@ProcessProfile input file:D:\code\ArkTS\WUT_Sport\SportApp\entry\.preview\default\intermediates\merge_profile\default\module.json cache by regenerate.
[2024-05-07T16:42:40.362] [DEBUG] debug-file - Update task entry:default@ProcessProfile output file:D:\code\ArkTS\WUT_Sport\SportApp\entry\.preview\default\intermediates\process_profile\default\module.json cache.
[2024-05-07T16:42:40.363] [DEBUG] debug-file - Incremental task entry:default@ProcessProfile post-execution cost:1 ms .
[2024-05-07T16:42:40.364] [DEBUG] debug-file - Update task entry:default@PreviewCompileResource input file:D:\code\ArkTS\WUT_Sport\SportApp\entry\src\main\resources cache by regenerate.
[2024-05-07T16:42:40.389] [DEBUG] debug-file - Update task entry:default@PreviewCompileResource input file:D:\code\ArkTS\WUT_Sport\SportApp\entry\.preview\default\intermediates\merge_profile\default\module.json cache by regenerate.
[2024-05-07T16:42:40.389] [DEBUG] debug-file - Update task entry:default@PreviewCompileResource output file:D:\code\ArkTS\WUT_Sport\SportApp\entry\.preview\default\intermediates\res\default cache.
[2024-05-07T16:42:40.404] [DEBUG] debug-file - Update task entry:default@PreviewCompileResource output file:D:\code\ArkTS\WUT_Sport\SportApp\entry\.preview\default\generated\r\default cache.
[2024-05-07T16:42:40.405] [DEBUG] debug-file - Incremental task entry:default@PreviewCompileResource post-execution cost:43 ms .
[2024-05-07T16:42:40.405] [DEBUG] debug-file - Update task entry:default@CopyPreviewProfile input file:D:\code\ArkTS\WUT_Sport\SportApp\entry\src\main\resources\base\profile cache by regenerate.
[2024-05-07T16:42:40.406] [DEBUG] debug-file - Update task entry:default@CopyPreviewProfile output file:D:\code\ArkTS\WUT_Sport\SportApp\entry\.preview\default\intermediates\res\default\resources\base\profile cache.
[2024-05-07T16:42:40.407] [DEBUG] debug-file - Incremental task entry:default@CopyPreviewProfile post-execution cost:2 ms .
[2024-05-07T16:42:40.408] [DEBUG] debug-file - Update task entry:default@PreviewUpdateAssets output file:D:\code\ArkTS\WUT_Sport\SportApp\entry\.preview\default\intermediates\res\default\module.json cache.
[2024-05-07T16:42:40.409] [DEBUG] debug-file - Update task entry:default@PreviewUpdateAssets output file:D:\code\ArkTS\WUT_Sport\SportApp\entry\.preview\default\intermediates\res\default\resources\base\profile\main_pages.json cache.
[2024-05-07T16:42:40.409] [DEBUG] debug-file - Incremental task entry:default@PreviewUpdateAssets post-execution cost:3 ms .
[2024-05-07T16:42:40.413] [DEBUG] debug-file - Update task entry:default@PreviewArkTS input file:D:\code\ArkTS\WUT_Sport\SportApp\entry\.preview\default\intermediates\loader\default cache by regenerate.
[2024-05-07T16:42:40.413] [DEBUG] debug-file - Update task entry:default@PreviewArkTS input file:D:\code\ArkTS\WUT_Sport\SportApp\entry\.preview\default\intermediates\res\default\ResourceTable.txt cache by regenerate.
[2024-05-07T16:42:40.414] [DEBUG] debug-file - Update task entry:default@PreviewArkTS input file:D:\code\ArkTS\WUT_Sport\SportApp\entry\.preview\default\intermediates\res\default\module.json cache by regenerate.
[2024-05-07T16:42:40.414] [DEBUG] debug-file - Update task entry:default@PreviewArkTS input file:D:\code\ArkTS\WUT_Sport\SportApp\entry\.preview\default\intermediates\res\default\resources\base\profile cache by regenerate.
[2024-05-07T16:42:40.415] [DEBUG] debug-file - Update task entry:default@PreviewArkTS input file:D:\code\ArkTS\WUT_Sport\SportApp\entry\src\main\ets cache by regenerate.
[2024-05-07T16:42:40.433] [DEBUG] debug-file - Update task entry:default@PreviewArkTS input file:D:\code\ArkTS\WUT_Sport\SportApp\entry\.preview\default\generated\profile\default\BuildProfile.ets cache by regenerate.
[2024-05-07T16:42:40.434] [DEBUG] debug-file - Update task entry:default@PreviewArkTS output file:D:\code\ArkTS\WUT_Sport\SportApp\entry\.preview\default\intermediates\loader_out\default\ets cache.
[2024-05-07T16:42:40.434] [DEBUG] debug-file - Incremental task entry:default@PreviewArkTS post-execution cost:25 ms .
[2024-05-07T16:42:40.457] [DEBUG] debug-file - Current worker pool is stopped or closed.
[2024-05-07T16:42:40.457] [DEBUG] debug-file - Clear worker 0.
[2024-05-07T16:42:40.458] [DEBUG] debug-file - Worker 0 has been cleared.
[2024-05-07T16:42:40.458] [DEBUG] debug-file - Current idle worker size: 1.
[2024-05-07T16:42:40.458] [DEBUG] debug-file - Current busy worker size: 0.
[2024-05-07T16:42:40.458] [DEBUG] debug-file - Clear worker 1.
[2024-05-07T16:42:40.458] [DEBUG] debug-file - Worker 1 has been cleared.
[2024-05-07T16:42:40.458] [DEBUG] debug-file - Current idle worker size: 0.
[2024-05-07T16:42:40.458] [DEBUG] debug-file - Current busy worker size: 0.
[2024-05-07T16:42:40.459] [DEBUG] debug-file - hvigor build process will be closed.
[2024-05-07T16:42:40.462] [DEBUG] debug-file - worker[0] exits with exit code 1.
[2024-05-07T16:42:40.462] [DEBUG] debug-file - worker[1] exits with exit code 1.
[2024-05-07T16:42:40.463] [DEBUG] debug-file - Current worker pool is terminated.
[2024-05-07T16:43:35.042] [DEBUG] debug-file - session manager: send message to worker process.
[2024-05-07T16:43:35.044] [DEBUG] debug-file - session manager: send message to worker process.
[2024-05-07T16:43:35.076] [DEBUG] debug-file - watch worker: worker is ready to be terminated.
[2024-05-07T16:43:35.076] [DEBUG] debug-file - Server currently has 0 watch-worker
[2024-05-07T16:43:35.899] [DEBUG] debug-file - session manager: set active socket. socketId=nKtKI6nCzkq2Z_XAAAAH
[2024-05-07T16:43:35.927] [DEBUG] debug-file - watch worker: worker id should be larger than 0. Nothing will be sent to any worker thread.
[2024-05-07T16:43:35.933] [DEBUG] debug-file - Hvigor init with startParameters:{
  hvigorfileTypeCheck: false,
  parallelExecution: true,
  incrementalExecution: true,
  printStackTrace: false,
  daemon: true,
  analyze: 0,
  logLevel: Level { level: 20000, levelStr: 'INFO', colour: 'green' }
}
[2024-05-07T16:43:35.941] [DEBUG] debug-file - Cache service initialization finished in 8 ms 
[2024-05-07T16:43:35.942] [DEBUG] debug-file - hvigorfile, resolving D:\code\ArkTS\WUT_Sport\SportApp\hvigorfile.ts
[2024-05-07T16:43:35.948] [DEBUG] debug-file - hvigorfile, require result:  {}
[2024-05-07T16:43:35.949] [DEBUG] debug-file - hvigorfile, binding system plugins {}
[2024-05-07T16:43:35.955] [DEBUG] debug-file - hvigorfile, resolve finished D:\code\ArkTS\WUT_Sport\SportApp\hvigorfile.ts
[2024-05-07T16:43:35.956] [DEBUG] debug-file - hvigorfile, resolving D:\code\ArkTS\WUT_Sport\SportApp\entry\hvigorfile.ts
[2024-05-07T16:43:35.961] [DEBUG] debug-file - hvigorfile, require result:  {}
[2024-05-07T16:43:35.961] [DEBUG] debug-file - hvigorfile, binding system plugins {}
[2024-05-07T16:43:35.968] [DEBUG] debug-file - Module entry Collected Dependency: 
[2024-05-07T16:43:35.968] [DEBUG] debug-file - Module entry's total dependency: 0
[2024-05-07T16:43:35.971] [DEBUG] debug-file - Start initialize module-target build option map, moduleName=entry, buildMode=debug
[2024-05-07T16:43:35.972] [DEBUG] debug-file - Target 'default' config: {}
[2024-05-07T16:43:35.972] [DEBUG] debug-file - Target 'ohosTest' config: {}
[2024-05-07T16:43:35.972] [DEBUG] debug-file - Module 'entry' target 'default' build option: {
  "debuggable": true,
  "copyFrom": "default",
  "arkOptions": {},
  "name": "debug"
}
[2024-05-07T16:43:35.972] [DEBUG] debug-file - Module 'entry' target 'ohosTest' build option: {
  "debuggable": true,
  "arkOptions": {},
  "name": "default"
}
[2024-05-07T16:43:35.972] [DEBUG] debug-file - End initialize module-target build option map, moduleName=entry
[2024-05-07T16:43:35.972] [DEBUG] debug-file - Module 'entry' target 'default' using build option: {
  "debuggable": true,
  "copyFrom": "default",
  "arkOptions": {},
  "name": "debug"
} in this build.
[2024-05-07T16:43:35.973] [DEBUG] debug-file - require SDK: toolchains,ArkTS; moduleName=entry
[2024-05-07T16:43:35.977] [DEBUG] debug-file - Module entry task initialization takes 3 ms 
[2024-05-07T16:43:35.977] [DEBUG] debug-file - hvigorfile, resolve finished D:\code\ArkTS\WUT_Sport\SportApp\entry\hvigorfile.ts
[2024-05-07T16:43:35.997] [DEBUG] debug-file - hvigorfile, resolve hvigorfile dependencies in 20 ms 
[2024-05-07T16:43:35.997] [DEBUG] debug-file - Start initialize project's product build option map with build mode debug.
[2024-05-07T16:43:35.997] [DEBUG] debug-file - Picking option from product 'default' with build mode 'debug'.
[2024-05-07T16:43:35.997] [DEBUG] debug-file - Product 'default' build option: {}
[2024-05-07T16:43:35.997] [DEBUG] debug-file - End initialize project's product build option map with build mode 'debug'.
[2024-05-07T16:43:35.998] [DEBUG] debug-file - Module SportApp Collected Dependency: 
[2024-05-07T16:43:35.998] [DEBUG] debug-file - Module SportApp's total dependency: 0
[2024-05-07T16:43:35.999] [DEBUG] debug-file - Product 'default' using build option: {
  "debuggable": true
} in this build.
[2024-05-07T16:43:36.003] [DEBUG] debug-file - Sdk init in 1 ms 
[2024-05-07T16:43:36.014] [DEBUG] debug-file - Project task initialization takes 11 ms 
[2024-05-07T16:43:36.015] [DEBUG] debug-file - Sdk init in 2 ms 
[2024-05-07T16:43:36.021] [DEBUG] debug-file - Sdk init in 4 ms 
[2024-05-07T16:43:36.024] [DEBUG] debug-file - Module entry Collected Dependency: 
[2024-05-07T16:43:36.024] [DEBUG] debug-file - Module entry's total dependency: 0
[2024-05-07T16:43:36.027] [DEBUG] debug-file - Module 'entry' target 'ohosTest' using build option: {
  "debuggable": true,
  "arkOptions": {},
  "name": "default"
} in this build.
[2024-05-07T16:43:36.028] [DEBUG] debug-file - require SDK: toolchains,ArkTS; moduleName=entry
[2024-05-07T16:43:36.029] [DEBUG] debug-file - Sdk init in 2 ms 
[2024-05-07T16:43:36.030] [DEBUG] debug-file - project has submodules:entry
[2024-05-07T16:43:36.031] [DEBUG] debug-file - Configuration phase cost:90 ms 
[2024-05-07T16:43:36.031] [DEBUG] debug-file - Configuration task cost before running: 102 ms 
[2024-05-07T16:43:36.032] [DEBUG] debug-file - Since there is no instance or instance is terminated, create a new worker pool.
[2024-05-07T16:43:36.032] [DEBUG] debug-file - Worker pool is initialized with config:  {
  minPoolNum: 2,
  maxPoolNum: undefined,
  maxCoreSize: undefined,
  cacheCapacity: undefined,
  cacheTtl: undefined
}
[2024-05-07T16:43:36.033] [DEBUG] debug-file - Create  resident worker with id: 0.
[2024-05-07T16:43:36.034] [DEBUG] debug-file - Create  resident worker with id: 1.
[2024-05-07T16:43:36.035] [DEBUG] debug-file - jsonObjWithoutParam {} at undefined
[2024-05-07T16:43:36.035] [DEBUG] debug-file - jsonObjWithoutParam {"name":"entry","version":"1.0.0","description":"Please describe the basic information.","main":"","author":"","license":"","dependencies":{}} at undefined
[2024-05-07T16:43:36.039] [DEBUG] debug-file - entry : default@PreBuild start {
  rss: 145518592,
  heapTotal: 91418624,
  heapUsed: 84488408,
  external: 1050875,
  arrayBuffers: 106255
}
[2024-05-07T16:43:36.039] [DEBUG] debug-file - Executing task :entry:default@PreBuild
[2024-05-07T16:43:36.046] [DEBUG] debug-file - Incremental task entry:default@PreBuild pre-execution cost: 5 ms .
[2024-05-07T16:43:36.046] [DEBUG] debug-file - entry : default@PreBuild end {
  rss: 149553152,
  heapTotal: 91680768,
  heapUsed: 84768136,
  external: 1050875,
  arrayBuffers: 107658
}
[2024-05-07T16:43:36.047] [INFO] debug-file - UP-TO-DATE :entry:default@PreBuild...  
[2024-05-07T16:43:36.048] [DEBUG] debug-file - jsonObjWithoutParam {} at undefined
[2024-05-07T16:43:36.048] [DEBUG] debug-file - jsonObjWithoutParam {"name":"entry","version":"1.0.0","description":"Please describe the basic information.","main":"","author":"","license":"","dependencies":{}} at undefined
[2024-05-07T16:43:36.049] [DEBUG] debug-file - entry : default@PreCheckSyscap start {
  rss: 150147072,
  heapTotal: 91680768,
  heapUsed: 85015368,
  external: 1050875,
  arrayBuffers: 110092
}
[2024-05-07T16:43:36.049] [DEBUG] debug-file - Executing task :entry:default@PreCheckSyscap
[2024-05-07T16:43:36.049] [DEBUG] debug-file - entry : default@PreCheckSyscap end {
  rss: 150343680,
  heapTotal: 91680768,
  heapUsed: 85070536,
  external: 1050875,
  arrayBuffers: 111068
}
[2024-05-07T16:43:36.049] [DEBUG] debug-file - runTaskFromQueue task cost before running: 120 ms 
[2024-05-07T16:43:36.050] [INFO] debug-file - Finished :entry:default@PreCheckSyscap... after 1 ms 
[2024-05-07T16:43:36.050] [DEBUG] debug-file - jsonObjWithoutParam {} at undefined
[2024-05-07T16:43:36.050] [DEBUG] debug-file - jsonObjWithoutParam {"name":"entry","version":"1.0.0","description":"Please describe the basic information.","main":"","author":"","license":"","dependencies":{}} at undefined
[2024-05-07T16:43:36.051] [DEBUG] debug-file - entry : default@CreateBuildProfile start {
  rss: 150745088,
  heapTotal: 91680768,
  heapUsed: 85293008,
  external: 1050875,
  arrayBuffers: 113959
}
[2024-05-07T16:43:36.051] [DEBUG] debug-file - Executing task :entry:default@CreateBuildProfile
[2024-05-07T16:43:36.054] [DEBUG] debug-file - Incremental task entry:default@CreateBuildProfile pre-execution cost: 3 ms .
[2024-05-07T16:43:36.054] [DEBUG] debug-file - entry : default@CreateBuildProfile end {
  rss: 151711744,
  heapTotal: 91680768,
  heapUsed: 85433864,
  external: 1059067,
  arrayBuffers: 123584
}
[2024-05-07T16:43:36.055] [INFO] debug-file - UP-TO-DATE :entry:default@CreateBuildProfile...  
[2024-05-07T16:43:36.056] [DEBUG] debug-file - jsonObjWithoutParam {} at undefined
[2024-05-07T16:43:36.056] [DEBUG] debug-file - jsonObjWithoutParam {"name":"entry","version":"1.0.0","description":"Please describe the basic information.","main":"","author":"","license":"","dependencies":{}} at undefined
[2024-05-07T16:43:36.060] [DEBUG] debug-file - entry : default@GenerateLoaderJson start {
  rss: 154361856,
  heapTotal: 91680768,
  heapUsed: 85851816,
  external: 1067259,
  arrayBuffers: 134240
}
[2024-05-07T16:43:36.060] [DEBUG] debug-file - Executing task :entry:default@GenerateLoaderJson
[2024-05-07T16:43:36.063] [DEBUG] debug-file - Incremental task entry:default@GenerateLoaderJson pre-execution cost: 2 ms .
[2024-05-07T16:43:36.063] [DEBUG] debug-file - entry : default@GenerateLoaderJson end {
  rss: 155570176,
  heapTotal: 91942912,
  heapUsed: 86318856,
  external: 1067259,
  arrayBuffers: 135673
}
[2024-05-07T16:43:36.064] [INFO] debug-file - UP-TO-DATE :entry:default@GenerateLoaderJson...  
[2024-05-07T16:43:36.066] [DEBUG] debug-file - jsonObjWithoutParam {} at undefined
[2024-05-07T16:43:36.066] [DEBUG] debug-file - jsonObjWithoutParam {"name":"entry","version":"1.0.0","description":"Please describe the basic information.","main":"","author":"","license":"","dependencies":{}} at undefined
[2024-05-07T16:43:36.068] [DEBUG] debug-file - entry : default@MergeProfile start {
  rss: 158093312,
  heapTotal: 91942912,
  heapUsed: 84851224,
  external: 1067259,
  arrayBuffers: 121753
}
[2024-05-07T16:43:36.068] [DEBUG] debug-file - Executing task :entry:default@MergeProfile
[2024-05-07T16:43:36.071] [DEBUG] debug-file - Incremental task entry:default@MergeProfile pre-execution cost: 4 ms .
[2024-05-07T16:43:36.071] [DEBUG] debug-file - entry : default@MergeProfile end {
  rss: 158916608,
  heapTotal: 91942912,
  heapUsed: 84952128,
  external: 1067259,
  arrayBuffers: 123168
}
[2024-05-07T16:43:36.072] [INFO] debug-file - UP-TO-DATE :entry:default@MergeProfile...  
[2024-05-07T16:43:36.073] [DEBUG] debug-file - jsonObjWithoutParam {} at undefined
[2024-05-07T16:43:36.074] [DEBUG] debug-file - jsonObjWithoutParam {"name":"entry","version":"1.0.0","description":"Please describe the basic information.","main":"","author":"","license":"","dependencies":{}} at undefined
[2024-05-07T16:43:36.077] [DEBUG] debug-file - entry : default@ProcessProfile start {
  rss: 160026624,
  heapTotal: 91942912,
  heapUsed: 85377264,
  external: 1067259,
  arrayBuffers: 125614
}
[2024-05-07T16:43:36.077] [DEBUG] debug-file - Executing task :entry:default@ProcessProfile
[2024-05-07T16:43:36.078] [DEBUG] debug-file - Incremental task entry:default@ProcessProfile pre-execution cost: 1 ms .
[2024-05-07T16:43:36.078] [DEBUG] debug-file - entry : default@ProcessProfile end {
  rss: 160149504,
  heapTotal: 91942912,
  heapUsed: 85453128,
  external: 1067259,
  arrayBuffers: 127035
}
[2024-05-07T16:43:36.078] [INFO] debug-file - UP-TO-DATE :entry:default@ProcessProfile...  
[2024-05-07T16:43:36.079] [DEBUG] debug-file - jsonObjWithoutParam {} at undefined
[2024-05-07T16:43:36.079] [DEBUG] debug-file - jsonObjWithoutParam {"name":"entry","version":"1.0.0","description":"Please describe the basic information.","main":"","author":"","license":"","dependencies":{}} at undefined
[2024-05-07T16:43:36.080] [DEBUG] debug-file - restool module names: entry; moduleName=entry, taskName=default@PreviewProcessResource
[2024-05-07T16:43:36.082] [DEBUG] debug-file - entry : default@PreviewProcessResource start {
  rss: 160624640,
  heapTotal: 91942912,
  heapUsed: 85731520,
  external: 1059067,
  arrayBuffers: 138138
}
[2024-05-07T16:43:36.084] [DEBUG] debug-file - Executing task :entry:default@PreviewProcessResource
[2024-05-07T16:43:36.084] [DEBUG] debug-file - entry : default@PreviewProcessResource end {
  rss: 161001472,
  heapTotal: 91942912,
  heapUsed: 85847552,
  external: 1059067,
  arrayBuffers: 139130
}
[2024-05-07T16:43:36.086] [DEBUG] debug-file - runTaskFromQueue task cost before running: 156 ms 
[2024-05-07T16:43:36.088] [INFO] debug-file - Finished :entry:default@PreviewProcessResource... after 3 ms 
[2024-05-07T16:43:36.089] [DEBUG] debug-file - jsonObjWithoutParam {} at undefined
[2024-05-07T16:43:36.089] [DEBUG] debug-file - jsonObjWithoutParam {"name":"entry","version":"1.0.0","description":"Please describe the basic information.","main":"","author":"","license":"","dependencies":{}} at undefined
[2024-05-07T16:43:36.090] [DEBUG] debug-file - restool module names: entry; moduleName=entry, taskName=default@PreviewCompileResource
[2024-05-07T16:43:36.091] [DEBUG] debug-file - entry : default@PreviewCompileResource start {
  rss: 161853440,
  heapTotal: 91942912,
  heapUsed: 86352056,
  external: 1075451,
  arrayBuffers: 158888
}
[2024-05-07T16:43:36.091] [DEBUG] debug-file - Executing task :entry:default@PreviewCompileResource
[2024-05-07T16:43:36.119] [DEBUG] debug-file - Incremental task entry:default@PreviewCompileResource pre-execution cost: 27 ms .
[2024-05-07T16:43:36.119] [DEBUG] debug-file - entry : default@PreviewCompileResource end {
  rss: 164876288,
  heapTotal: 91942912,
  heapUsed: 86177824,
  external: 1075451,
  arrayBuffers: 135758
}
[2024-05-07T16:43:36.120] [INFO] debug-file - UP-TO-DATE :entry:default@PreviewCompileResource...  
[2024-05-07T16:43:36.121] [DEBUG] debug-file - jsonObjWithoutParam {} at undefined
[2024-05-07T16:43:36.121] [DEBUG] debug-file - jsonObjWithoutParam {"name":"entry","version":"1.0.0","description":"Please describe the basic information.","main":"","author":"","license":"","dependencies":{}} at undefined
[2024-05-07T16:43:36.121] [DEBUG] debug-file - entry : default@PreviewHookCompileResource start {
  rss: 165384192,
  heapTotal: 91942912,
  heapUsed: 86360440,
  external: 1075451,
  arrayBuffers: 138234
}
[2024-05-07T16:43:36.121] [DEBUG] debug-file - Executing task :entry:default@PreviewHookCompileResource
[2024-05-07T16:43:36.121] [DEBUG] debug-file - entry : default@PreviewHookCompileResource end {
  rss: 165404672,
  heapTotal: 91942912,
  heapUsed: 86386936,
  external: 1075451,
  arrayBuffers: 139234
}
[2024-05-07T16:43:36.121] [DEBUG] debug-file - runTaskFromQueue task cost before running: 192 ms 
[2024-05-07T16:43:36.121] [INFO] debug-file - Finished :entry:default@PreviewHookCompileResource... after 1 ms 
[2024-05-07T16:43:36.122] [DEBUG] debug-file - jsonObjWithoutParam {} at undefined
[2024-05-07T16:43:36.122] [DEBUG] debug-file - jsonObjWithoutParam {"name":"entry","version":"1.0.0","description":"Please describe the basic information.","main":"","author":"","license":"","dependencies":{}} at undefined
[2024-05-07T16:43:36.123] [DEBUG] debug-file - entry : default@CopyPreviewProfile start {
  rss: 165904384,
  heapTotal: 91942912,
  heapUsed: 86586264,
  external: 1075451,
  arrayBuffers: 142161
}
[2024-05-07T16:43:36.123] [DEBUG] debug-file - Executing task :entry:default@CopyPreviewProfile
[2024-05-07T16:43:36.125] [DEBUG] debug-file - Incremental task entry:default@CopyPreviewProfile pre-execution cost: 2 ms .
[2024-05-07T16:43:36.125] [DEBUG] debug-file - entry : default@CopyPreviewProfile end {
  rss: 166256640,
  heapTotal: 91942912,
  heapUsed: 86692968,
  external: 1075451,
  arrayBuffers: 143594
}
[2024-05-07T16:43:36.125] [INFO] debug-file - UP-TO-DATE :entry:default@CopyPreviewProfile...  
[2024-05-07T16:43:36.126] [DEBUG] debug-file - jsonObjWithoutParam {} at undefined
[2024-05-07T16:43:36.126] [DEBUG] debug-file - jsonObjWithoutParam {"name":"entry","version":"1.0.0","description":"Please describe the basic information.","main":"","author":"","license":"","dependencies":{}} at undefined
[2024-05-07T16:43:36.126] [DEBUG] debug-file - entry : default@ReplacePreviewerPage start {
  rss: 166543360,
  heapTotal: 91942912,
  heapUsed: 86900312,
  external: 1075451,
  arrayBuffers: 146058
}
[2024-05-07T16:43:36.126] [DEBUG] debug-file - Executing task :entry:default@ReplacePreviewerPage
[2024-05-07T16:43:36.130] [DEBUG] debug-file - Resolved file D:\code\ArkTS\WUT_Sport\SportApp\entry\.preview\default\intermediates\res\default\resources\base\profile\main_pages.json.
[2024-05-07T16:43:36.130] [DEBUG] debug-file - Replace page to bottomChooser
[2024-05-07T16:43:36.131] [DEBUG] debug-file - entry : default@ReplacePreviewerPage end {
  rss: 167518208,
  heapTotal: 91942912,
  heapUsed: 85247584,
  external: 1059067,
  arrayBuffers: 156190
}
[2024-05-07T16:43:36.131] [DEBUG] debug-file - runTaskFromQueue task cost before running: 201 ms 
[2024-05-07T16:43:36.131] [INFO] debug-file - Finished :entry:default@ReplacePreviewerPage... after 5 ms 
[2024-05-07T16:43:36.131] [DEBUG] debug-file - entry : buildPreviewerResource start {
  rss: 167534592,
  heapTotal: 91942912,
  heapUsed: 85397104,
  external: 1059067,
  arrayBuffers: 158065
}
[2024-05-07T16:43:36.131] [DEBUG] debug-file - Executing task :entry:buildPreviewerResource
[2024-05-07T16:43:36.132] [DEBUG] debug-file - entry : buildPreviewerResource end {
  rss: 167534592,
  heapTotal: 91942912,
  heapUsed: 85421848,
  external: 1059067,
  arrayBuffers: 159041
}
[2024-05-07T16:43:36.132] [DEBUG] debug-file - runTaskFromQueue task cost before running: 202 ms 
[2024-05-07T16:43:36.132] [INFO] debug-file - Finished :entry:buildPreviewerResource... after 1 ms 
[2024-05-07T16:43:36.132] [DEBUG] debug-file - jsonObjWithoutParam {} at undefined
[2024-05-07T16:43:36.132] [DEBUG] debug-file - jsonObjWithoutParam {"name":"entry","version":"1.0.0","description":"Please describe the basic information.","main":"","author":"","license":"","dependencies":{}} at undefined
[2024-05-07T16:43:36.133] [DEBUG] debug-file - entry : default@PreviewUpdateAssets start {
  rss: 167555072,
  heapTotal: 91942912,
  heapUsed: 85645520,
  external: 1059067,
  arrayBuffers: 161932
}
[2024-05-07T16:43:36.133] [DEBUG] debug-file - Executing task :entry:default@PreviewUpdateAssets
[2024-05-07T16:43:36.135] [DEBUG] debug-file - entry:default@PreviewUpdateAssets is not up-to-date, since the output file 'D:\code\ArkTS\WUT_Sport\SportApp\entry\.preview\default\intermediates\res\default\resources\base\profile\main_pages.json' has been changed.
[2024-05-07T16:43:36.135] [DEBUG] debug-file - Incremental task entry:default@PreviewUpdateAssets pre-execution cost: 2 ms .
[2024-05-07T16:43:36.137] [DEBUG] debug-file - entry : default@PreviewUpdateAssets end {
  rss: 167608320,
  heapTotal: 91942912,
  heapUsed: 85830880,
  external: 1075451,
  arrayBuffers: 180382
}
[2024-05-07T16:43:36.137] [DEBUG] debug-file - runTaskFromQueue task cost before running: 208 ms 
[2024-05-07T16:43:36.138] [INFO] debug-file - Finished :entry:default@PreviewUpdateAssets... after 5 ms 
[2024-05-07T16:43:36.139] [DEBUG] debug-file - jsonObjWithoutParam {} at undefined
[2024-05-07T16:43:36.139] [DEBUG] debug-file - jsonObjWithoutParam {"name":"entry","version":"1.0.0","description":"Please describe the basic information.","main":"","author":"","license":"","dependencies":{}} at undefined
[2024-05-07T16:43:36.143] [DEBUG] debug-file - entry : default@PreviewArkTS start {
  rss: 168292352,
  heapTotal: 91942912,
  heapUsed: 86290272,
  external: 1083643,
  arrayBuffers: 191480
}
[2024-05-07T16:43:36.143] [DEBUG] debug-file - Executing task :entry:default@PreviewArkTS
[2024-05-07T16:43:36.146] [DEBUG] debug-file - Obfuscation config only effect in release mode.
[2024-05-07T16:43:36.153] [DEBUG] debug-file - entry:default@PreviewArkTS is not up-to-date, since the input file 'D:\code\ArkTS\WUT_Sport\SportApp\entry\.preview\default\intermediates\res\default\resources\base\profile' has been changed.
[2024-05-07T16:43:36.153] [DEBUG] debug-file - Incremental task entry:default@PreviewArkTS pre-execution cost: 7 ms .
[2024-05-07T16:43:36.157] [DEBUG] debug-file - Sdk init in 3 ms 
[2024-05-07T16:43:36.163] [DEBUG] debug-file - session manager: binding session. socketId=nKtKI6nCzkq2Z_XAAAAH, threadId=1@2.
[2024-05-07T16:43:36.162] [DEBUG] debug-file - entry : default@PreviewArkTS end {
  rss: 170864640,
  heapTotal: 92467200,
  heapUsed: 85551112,
  external: 1067259,
  arrayBuffers: 177963
}
[2024-05-07T16:43:38.904] [DEBUG] debug-file - watch worker: send response to session manager. Response type: WatchStart
[2024-05-07T16:43:38.907] [DEBUG] debug-file - session manager: watch message received from worker 1. Type: WatchStart
[2024-05-07T16:43:42.360] [DEBUG] debug-file - watch worker: send response to session manager. Response type: WatchResult
[2024-05-07T16:43:42.361] [DEBUG] debug-file - Ark compile finished.
[2024-05-07T16:43:42.362] [DEBUG] debug-file - session manager: watch message received from worker 1. Type: WatchResult
[2024-05-07T16:43:42.364] [INFO] debug-file - Finished :entry:default@PreviewArkTS... after 20 ms 
[2024-05-07T16:43:42.365] [DEBUG] debug-file - entry : PreviewBuild start {
  rss: 541667328,
  heapTotal: 92467200,
  heapUsed: 86038360,
  external: 1075451,
  arrayBuffers: 109984
}
[2024-05-07T16:43:42.365] [DEBUG] debug-file - Executing task :entry:PreviewBuild
[2024-05-07T16:43:42.365] [DEBUG] debug-file - entry : PreviewBuild end {
  rss: 541667328,
  heapTotal: 92467200,
  heapUsed: 86062888,
  external: 1075451,
  arrayBuffers: 110940
}
[2024-05-07T16:43:42.365] [DEBUG] debug-file - runTaskFromQueue task cost before running: 6 s 435 ms 
[2024-05-07T16:43:42.365] [INFO] debug-file - Finished :entry:PreviewBuild... after 1 ms 
[2024-05-07T16:43:42.365] [DEBUG] debug-file - BUILD SUCCESSFUL in 6 s 436 ms 
[2024-05-07T16:43:42.365] [DEBUG] debug-file - There is no need to refresh cache, since the incremental task entry:default@PreBuild is up-to-date.
[2024-05-07T16:43:42.365] [DEBUG] debug-file - There is no need to refresh cache, since the incremental task entry:default@CreateBuildProfile is up-to-date.
[2024-05-07T16:43:42.365] [DEBUG] debug-file - There is no need to refresh cache, since the incremental task entry:default@GenerateLoaderJson is up-to-date.
[2024-05-07T16:43:42.365] [DEBUG] debug-file - There is no need to refresh cache, since the incremental task entry:default@MergeProfile is up-to-date.
[2024-05-07T16:43:42.365] [DEBUG] debug-file - There is no need to refresh cache, since the incremental task entry:default@ProcessProfile is up-to-date.
[2024-05-07T16:43:42.365] [DEBUG] debug-file - There is no need to refresh cache, since the incremental task entry:default@PreviewCompileResource is up-to-date.
[2024-05-07T16:43:42.365] [DEBUG] debug-file - There is no need to refresh cache, since the incremental task entry:default@CopyPreviewProfile is up-to-date.
[2024-05-07T16:43:42.366] [DEBUG] debug-file - Update task entry:default@PreviewUpdateAssets output file:D:\code\ArkTS\WUT_Sport\SportApp\entry\.preview\default\intermediates\res\default\module.json cache.
[2024-05-07T16:43:42.366] [DEBUG] debug-file - Update task entry:default@PreviewUpdateAssets output file:D:\code\ArkTS\WUT_Sport\SportApp\entry\.preview\default\intermediates\res\default\resources\base\profile\main_pages.json cache.
[2024-05-07T16:43:42.367] [DEBUG] debug-file - Incremental task entry:default@PreviewUpdateAssets post-execution cost:2 ms .
[2024-05-07T16:43:42.369] [DEBUG] debug-file - Update task entry:default@PreviewArkTS input file:D:\code\ArkTS\WUT_Sport\SportApp\entry\.preview\default\intermediates\loader\default cache by regenerate.
[2024-05-07T16:43:42.370] [DEBUG] debug-file - Update task entry:default@PreviewArkTS input file:D:\code\ArkTS\WUT_Sport\SportApp\entry\.preview\default\intermediates\res\default\ResourceTable.txt cache by regenerate.
[2024-05-07T16:43:42.371] [DEBUG] debug-file - Update task entry:default@PreviewArkTS input file:D:\code\ArkTS\WUT_Sport\SportApp\entry\.preview\default\intermediates\res\default\module.json cache by regenerate.
[2024-05-07T16:43:42.371] [DEBUG] debug-file - Update task entry:default@PreviewArkTS input file:D:\code\ArkTS\WUT_Sport\SportApp\entry\.preview\default\intermediates\res\default\resources\base\profile cache from map.
[2024-05-07T16:43:42.371] [DEBUG] debug-file - Update task entry:default@PreviewArkTS input file:D:\code\ArkTS\WUT_Sport\SportApp\entry\src\main\ets cache by regenerate.
[2024-05-07T16:43:42.391] [DEBUG] debug-file - Update task entry:default@PreviewArkTS input file:D:\code\ArkTS\WUT_Sport\SportApp\entry\.preview\default\generated\profile\default\BuildProfile.ets cache by regenerate.
[2024-05-07T16:43:42.392] [DEBUG] debug-file - Update task entry:default@PreviewArkTS output file:D:\code\ArkTS\WUT_Sport\SportApp\entry\.preview\default\intermediates\loader_out\default\ets cache.
[2024-05-07T16:43:42.392] [DEBUG] debug-file - Incremental task entry:default@PreviewArkTS post-execution cost:26 ms .
[2024-05-07T16:43:42.412] [DEBUG] debug-file - Current worker pool is stopped or closed.
[2024-05-07T16:43:42.412] [DEBUG] debug-file - Clear worker 0.
[2024-05-07T16:43:42.412] [DEBUG] debug-file - Worker 0 has been cleared.
[2024-05-07T16:43:42.412] [DEBUG] debug-file - Current idle worker size: 1.
[2024-05-07T16:43:42.412] [DEBUG] debug-file - Current busy worker size: 0.
[2024-05-07T16:43:42.412] [DEBUG] debug-file - Clear worker 1.
[2024-05-07T16:43:42.412] [DEBUG] debug-file - Worker 1 has been cleared.
[2024-05-07T16:43:42.412] [DEBUG] debug-file - Current idle worker size: 0.
[2024-05-07T16:43:42.412] [DEBUG] debug-file - Current busy worker size: 0.
[2024-05-07T16:43:42.413] [DEBUG] debug-file - hvigor build process will be closed.
[2024-05-07T16:43:42.413] [DEBUG] debug-file - Current worker pool is terminated.
[2024-05-07T16:43:42.419] [DEBUG] debug-file - worker[0] exits with exit code 1.
[2024-05-07T16:43:42.419] [DEBUG] debug-file - worker[1] exits with exit code 1.
[2024-05-07T16:44:08.139] [DEBUG] debug-file - watch worker: send response to session manager. Response type: WatchStart
[2024-05-07T16:44:08.144] [DEBUG] debug-file - session manager: watch message received from worker 1. Type: WatchStart
[2024-05-07T16:44:08.784] [DEBUG] debug-file - watch worker: send response to session manager. Response type: WatchResult
[2024-05-07T16:44:08.787] [DEBUG] debug-file - session manager: watch message received from worker 1. Type: WatchResult
[2024-05-07T16:44:26.307] [DEBUG] debug-file - watch worker: send response to session manager. Response type: WatchStart
[2024-05-07T16:44:26.310] [DEBUG] debug-file - session manager: watch message received from worker 1. Type: WatchStart
[2024-05-07T16:44:26.801] [DEBUG] debug-file - watch worker: send response to session manager. Response type: WatchResult
[2024-05-07T16:44:26.804] [DEBUG] debug-file - session manager: watch message received from worker 1. Type: WatchResult
[2024-05-07T16:44:34.181] [DEBUG] debug-file - watch worker: send response to session manager. Response type: WatchStart
[2024-05-07T16:44:34.183] [DEBUG] debug-file - session manager: watch message received from worker 1. Type: WatchStart
[2024-05-07T16:44:34.649] [DEBUG] debug-file - watch worker: send response to session manager. Response type: WatchResult
[2024-05-07T16:44:34.651] [DEBUG] debug-file - session manager: watch message received from worker 1. Type: WatchResult
[2024-05-07T16:44:51.490] [DEBUG] debug-file - watch worker: send response to session manager. Response type: WatchStart
[2024-05-07T16:44:51.493] [DEBUG] debug-file - session manager: watch message received from worker 1. Type: WatchStart
[2024-05-07T16:44:52.044] [DEBUG] debug-file - watch worker: send response to session manager. Response type: WatchResult
[2024-05-07T16:44:52.046] [DEBUG] debug-file - session manager: watch message received from worker 1. Type: WatchResult
